** Input **
	Network type = affiliation
	Field of study = cs
	From year = 1990
	Elite universities = top-100

** Preparing data reader **
	Reading data from: data/cs_affiliation/cs_author_citations_{}_ranking.csv
	Output string: affiliation_cs_1990_100

** Calculating power-inequality over years 1990-2018 **

** Network Info **
	Number of nodes = 3,274,147
	Number of edges = 419,322,125
	Edge density = 3.911574105213826e-05
	Minority = 9.31 %

** Estimating parameters of DMPA model **

** Estimated parameters: **
	--------------------------------
	T = 419,236,479
	r = 0.09
	p = 0.001
	q = 0.007
	E1: ru_b = 0.52, ru_r = 0.85
	E2: ru_b = 0.39, ru_r = 0.81
	E3: ru_b = 0.38, ru_r = 0.80
	--------------------------------

