** Input **
	Network type = affiliation
	Field of study = management
	From year = 1990
	Elite universities = top-50

** Preparing data reader **
	Reading data from: data/management_author_citation_ranking.csv
	Output string: affiliation_management_1990_50

** Calculating power-inequality over years 1990-2019 **

** Network Info **
	Number of nodes = 53,062
	Number of edges = 849,507
	Edge density = 0.0003017226518041366
	Minority = 7.10 %

** Estimating parameters of DMPA model **

** Estimated parameters: **
	--------------------------------
	T = 842,848
	r = 0.07
	p = 0.012
	q = 0.048
	E1: ru_b = -0.04, ru_r = 1.01
	E2: ru_b = 0.15, ru_r = 0.92
	E3: ru_b = 0.21, ru_r = 0.91
	--------------------------------

