** Input **
	Network type = gender
	Field of study = political_science
	From year = 1990

** Preparing data reader **
	Reading data from: data/political_science_author_citation_gender.csv
	Output string: gender_political_science_1990

** Calculating power-inequality over years 1990-2019 **

** Network Info **
	Number of nodes = 1,025,783
	Number of edges = 7,355,876
	Edge density = 6.99075091608139e-06
	Minority = 34.20 %

** Estimating parameters of DMPA model **

** Estimated parameters: **
	--------------------------------
	T = 7,239,823
	r = 0.34
	p = 0.067
	q = 0.064
	E1: ru_b = 1.23, ru_r = -0.56
	E2: ru_b = 0.67, ru_r = 0.46
	E3: ru_b = 0.68, ru_r = 0.46
	--------------------------------

