** Input **
	Network type = gender
	Field of study = psychology
	From year = 1990

** Preparing data reader **
	Reading data from: data/psychology_author_citation_gender.csv
	Output string: gender_psychology_1990

** Calculating power-inequality over years 1990-2019 **

** Network Info **
	Number of nodes = 872,730
	Number of edges = 12,986,670
	Edge density = 1.7050553921546402e-05
	Minority = 49.65 %

** Estimating parameters of DMPA model **

** Estimated parameters: **
	--------------------------------
	T = 12,794,780
	r = 0.50
	p = 0.030
	q = 0.032
	E1: ru_b = 0.40, ru_r = 0.69
	E2: ru_b = 0.60, ru_r = 0.50
	E3: ru_b = 0.56, ru_r = 0.55
	--------------------------------

