** Input **
	Network type = gender
	Field of study = management
	From year = 1990

** Preparing data reader **
	Reading data from: /Users/nalipour/Desktop/Data/Fairness/fields gender/management_author_citation_gender.csv
	Output string: gender_management_1990

** calculating power-inequality over years **
	year 1990
	year 1991
	year 1992
	year 1993
	year 1994
	year 1995
	year 1996
	year 1997
	year 1998
	year 1999
	year 2000
	year 2001
	year 2002
	year 2003
	year 2004
	year 2005
	year 2006
	year 2007
	year 2008
	year 2009
	year 2010
	year 2011
	year 2012
	year 2013
	year 2014
	year 2015
	year 2016
	year 2017
	year 2018
	year 2019

** Network Info **
	Number of nodes = 111,043
	Edge density = 9.92449026140364e-05
	Minority = 35.19 %
